{"name":"Переход на страницу записи на тренинг \\\"Английский для тестировщиков\\\" на сайте https://software-testing.ru/forum/\"","status":"broken","statusDetails":{"known":false,"muted":false,"flaky":false,"message":"Expected condition failed: waiting for presence of element located by: By.xpath: //a[text()='Выход'] (tried for 30 second(s) with 500 milliseconds interval)","trace":"org.openqa.selenium.TimeoutException: Expected condition failed: waiting for presence of element located by: By.xpath: //a[text()='Выход'] (tried for 30 second(s) with 500 milliseconds interval)\n\tat org.openqa.selenium.support.ui.WebDriverWait.timeoutException(WebDriverWait.java:95)\n\tat org.openqa.selenium.support.ui.FluentWait.until(FluentWait.java:272)\n\tat Lesson6.TestsMyProject.registrationForTreningTest(TestsMyProject.java:47)\n\tat java.base/jdk.internal.reflect.NativeMethodAccessorImpl.invoke0(Native Method)\n\tat java.base/jdk.internal.reflect.NativeMethodAccessorImpl.invoke(NativeMethodAccessorImpl.java:62)\n\tat java.base/jdk.internal.reflect.DelegatingMethodAccessorImpl.invoke(DelegatingMethodAccessorImpl.java:43)\n\tat java.base/java.lang.reflect.Method.invoke(Method.java:566)\n\tat org.junit.platform.commons.util.ReflectionUtils.invokeMethod(ReflectionUtils.java:688)\n\tat org.junit.jupiter.engine.execution.MethodInvocation.proceed(MethodInvocation.java:60)\n\tat org.junit.jupiter.engine.execution.InvocationInterceptorChain$ValidatingInvocation.proceed(InvocationInterceptorChain.java:131)\n\tat org.junit.jupiter.engine.extension.TimeoutExtension.intercept(TimeoutExtension.java:149)\n\tat org.junit.jupiter.engine.extension.TimeoutExtension.interceptTestableMethod(TimeoutExtension.java:140)\n\tat org.junit.jupiter.engine.extension.TimeoutExtension.interceptTestMethod(TimeoutExtension.java:84)\n\tat org.junit.jupiter.engine.execution.ExecutableInvoker$ReflectiveInterceptorCall.lambda$ofVoidMethod$0(ExecutableInvoker.java:115)\n\tat org.junit.jupiter.engine.execution.ExecutableInvoker.lambda$invoke$0(ExecutableInvoker.java:105)\n\tat org.junit.jupiter.engine.execution.InvocationInterceptorChain$InterceptedInvocation.proceed(InvocationInterceptorChain.java:106)\n\tat org.junit.jupiter.engine.execution.InvocationInterceptorChain.proceed(InvocationInterceptorChain.java:64)\n\tat org.junit.jupiter.engine.execution.InvocationInterceptorChain.chainAndInvoke(InvocationInterceptorChain.java:45)\n\tat org.junit.jupiter.engine.execution.InvocationInterceptorChain.invoke(InvocationInterceptorChain.java:37)\n\tat org.junit.jupiter.engine.execution.ExecutableInvoker.invoke(ExecutableInvoker.java:104)\n\tat org.junit.jupiter.engine.execution.ExecutableInvoker.invoke(ExecutableInvoker.java:98)\n\tat org.junit.jupiter.engine.descriptor.TestMethodTestDescriptor.lambda$invokeTestMethod$6(TestMethodTestDescriptor.java:210)\n\tat org.junit.platform.engine.support.hierarchical.ThrowableCollector.execute(ThrowableCollector.java:73)\n\tat org.junit.jupiter.engine.descriptor.TestMethodTestDescriptor.invokeTestMethod(TestMethodTestDescriptor.java:206)\n\tat org.junit.jupiter.engine.descriptor.TestMethodTestDescriptor.execute(TestMethodTestDescriptor.java:131)\n\tat org.junit.jupiter.engine.descriptor.TestMethodTestDescriptor.execute(TestMethodTestDescriptor.java:65)\n\tat org.junit.platform.engine.support.hierarchical.NodeTestTask.lambda$executeRecursively$6(NodeTestTask.java:151)\n\tat org.junit.platform.engine.support.hierarchical.ThrowableCollector.execute(ThrowableCollector.java:73)\n\tat org.junit.platform.engine.support.hierarchical.NodeTestTask.lambda$executeRecursively$8(NodeTestTask.java:141)\n\tat org.junit.platform.engine.support.hierarchical.Node.around(Node.java:137)\n\tat org.junit.platform.engine.support.hierarchical.NodeTestTask.lambda$executeRecursively$9(NodeTestTask.java:139)\n\tat org.junit.platform.engine.support.hierarchical.ThrowableCollector.execute(ThrowableCollector.java:73)\n\tat org.junit.platform.engine.support.hierarchical.NodeTestTask.executeRecursively(NodeTestTask.java:138)\n\tat org.junit.platform.engine.support.hierarchical.NodeTestTask.execute(NodeTestTask.java:95)\n\tat java.base/java.util.ArrayList.forEach(ArrayList.java:1541)\n\tat org.junit.platform.engine.support.hierarchical.SameThreadHierarchicalTestExecutorService.invokeAll(SameThreadHierarchicalTestExecutorService.java:41)\n\tat org.junit.platform.engine.support.hierarchical.NodeTestTask.lambda$executeRecursively$6(NodeTestTask.java:155)\n\tat org.junit.platform.engine.support.hierarchical.ThrowableCollector.execute(ThrowableCollector.java:73)\n\tat org.junit.platform.engine.support.hierarchical.NodeTestTask.lambda$executeRecursively$8(NodeTestTask.java:141)\n\tat org.junit.platform.engine.support.hierarchical.Node.around(Node.java:137)\n\tat org.junit.platform.engine.support.hierarchical.NodeTestTask.lambda$executeRecursively$9(NodeTestTask.java:139)\n\tat org.junit.platform.engine.support.hierarchical.ThrowableCollector.execute(ThrowableCollector.java:73)\n\tat org.junit.platform.engine.support.hierarchical.NodeTestTask.executeRecursively(NodeTestTask.java:138)\n\tat org.junit.platform.engine.support.hierarchical.NodeTestTask.execute(NodeTestTask.java:95)\n\tat java.base/java.util.ArrayList.forEach(ArrayList.java:1541)\n\tat org.junit.platform.engine.support.hierarchical.SameThreadHierarchicalTestExecutorService.invokeAll(SameThreadHierarchicalTestExecutorService.java:41)\n\tat org.junit.platform.engine.support.hierarchical.NodeTestTask.lambda$executeRecursively$6(NodeTestTask.java:155)\n\tat org.junit.platform.engine.support.hierarchical.ThrowableCollector.execute(ThrowableCollector.java:73)\n\tat org.junit.platform.engine.support.hierarchical.NodeTestTask.lambda$executeRecursively$8(NodeTestTask.java:141)\n\tat org.junit.platform.engine.support.hierarchical.Node.around(Node.java:137)\n\tat org.junit.platform.engine.support.hierarchical.NodeTestTask.lambda$executeRecursively$9(NodeTestTask.java:139)\n\tat org.junit.platform.engine.support.hierarchical.ThrowableCollector.execute(ThrowableCollector.java:73)\n\tat org.junit.platform.engine.support.hierarchical.NodeTestTask.executeRecursively(NodeTestTask.java:138)\n\tat org.junit.platform.engine.support.hierarchical.NodeTestTask.execute(NodeTestTask.java:95)\n\tat org.junit.platform.engine.support.hierarchical.SameThreadHierarchicalTestExecutorService.submit(SameThreadHierarchicalTestExecutorService.java:35)\n\tat org.junit.platform.engine.support.hierarchical.HierarchicalTestExecutor.execute(HierarchicalTestExecutor.java:57)\n\tat org.junit.platform.engine.support.hierarchical.HierarchicalTestEngine.execute(HierarchicalTestEngine.java:54)\n\tat org.junit.platform.launcher.core.EngineExecutionOrchestrator.execute(EngineExecutionOrchestrator.java:108)\n\tat org.junit.platform.launcher.core.EngineExecutionOrchestrator.execute(EngineExecutionOrchestrator.java:88)\n\tat org.junit.platform.launcher.core.EngineExecutionOrchestrator.lambda$execute$0(EngineExecutionOrchestrator.java:54)\n\tat org.junit.platform.launcher.core.EngineExecutionOrchestrator.withInterceptedStreams(EngineExecutionOrchestrator.java:67)\n\tat org.junit.platform.launcher.core.EngineExecutionOrchestrator.execute(EngineExecutionOrchestrator.java:52)\n\tat org.junit.platform.launcher.core.DefaultLauncher.execute(DefaultLauncher.java:96)\n\tat org.junit.platform.launcher.core.DefaultLauncher.execute(DefaultLauncher.java:75)\n\tat org.apache.maven.surefire.junitplatform.JUnitPlatformProvider.execute(JUnitPlatformProvider.java:188)\n\tat org.apache.maven.surefire.junitplatform.JUnitPlatformProvider.invokeAllTests(JUnitPlatformProvider.java:154)\n\tat org.apache.maven.surefire.junitplatform.JUnitPlatformProvider.invoke(JUnitPlatformProvider.java:128)\n\tat org.apache.maven.surefire.booter.ForkedBooter.runSuitesInProcess(ForkedBooter.java:428)\n\tat org.apache.maven.surefire.booter.ForkedBooter.execute(ForkedBooter.java:162)\n\tat org.apache.maven.surefire.booter.ForkedBooter.run(ForkedBooter.java:562)\n\tat org.apache.maven.surefire.booter.ForkedBooter.main(ForkedBooter.java:548)\nCaused by: org.openqa.selenium.NoSuchElementException: no such element: Unable to locate element: {\"method\":\"xpath\",\"selector\":\"//a[text()='Выход']\"}\n  (Session info: chrome=89.0.4389.90)\nFor documentation on this error, please visit: https://www.seleniumhq.org/exceptions/no_such_element.html\nBuild info: version: '3.141.59', revision: 'e82be7d358', time: '2018-11-14T08:17:03'\nSystem info: host: 'maksim-HP-Pavilion-Laptop-13-bb0xxx', ip: '127.0.1.1', os.name: 'Linux', os.arch: 'amd64', os.version: '5.8.0-50-generic', java.version: '11.0.11'\nDriver info: org.openqa.selenium.chrome.ChromeDriver\nCapabilities {acceptInsecureCerts: false, browserName: chrome, browserVersion: 89.0.4389.90, chrome: {chromedriverVersion: 89.0.4389.23 (61b08ee2c5002..., userDataDir: /tmp/.com.google.Chrome.uwUdbW}, goog:chromeOptions: {debuggerAddress: localhost:38237}, javascriptEnabled: true, networkConnectionEnabled: false, pageLoadStrategy: normal, platform: LINUX, platformName: LINUX, proxy: Proxy(), setWindowRect: true, strictFileInteractability: false, timeouts: {implicit: 0, pageLoad: 300000, script: 30000}, unhandledPromptBehavior: dismiss and notify, webauthn:extension:largeBlob: true, webauthn:virtualAuthenticators: true}\nSession ID: c69e686deae5a6cf99112487230d6d59\n*** Element info: {Using=xpath, value=//a[text()='Выход']}\n\tat jdk.internal.reflect.GeneratedConstructorAccessor17.newInstance(Unknown Source)\n\tat java.base/jdk.internal.reflect.DelegatingConstructorAccessorImpl.newInstance(DelegatingConstructorAccessorImpl.java:45)\n\tat java.base/java.lang.reflect.Constructor.newInstance(Constructor.java:490)\n\tat org.openqa.selenium.remote.http.W3CHttpResponseCodec.createException(W3CHttpResponseCodec.java:187)\n\tat org.openqa.selenium.remote.http.W3CHttpResponseCodec.decode(W3CHttpResponseCodec.java:122)\n\tat org.openqa.selenium.remote.http.W3CHttpResponseCodec.decode(W3CHttpResponseCodec.java:49)\n\tat org.openqa.selenium.remote.HttpCommandExecutor.execute(HttpCommandExecutor.java:158)\n\tat org.openqa.selenium.remote.service.DriverCommandExecutor.execute(DriverCommandExecutor.java:83)\n\tat org.openqa.selenium.remote.RemoteWebDriver.execute(RemoteWebDriver.java:552)\n\tat org.openqa.selenium.remote.RemoteWebDriver.findElement(RemoteWebDriver.java:323)\n\tat org.openqa.selenium.remote.RemoteWebDriver.findElementByXPath(RemoteWebDriver.java:428)\n\tat org.openqa.selenium.By$ByXPath.findElement(By.java:353)\n\tat org.openqa.selenium.remote.RemoteWebDriver.findElement(RemoteWebDriver.java:315)\n\tat jdk.internal.reflect.GeneratedMethodAccessor2.invoke(Unknown Source)\n\tat java.base/jdk.internal.reflect.DelegatingMethodAccessorImpl.invoke(DelegatingMethodAccessorImpl.java:43)\n\tat java.base/java.lang.reflect.Method.invoke(Method.java:566)\n\tat org.openqa.selenium.support.events.EventFiringWebDriver.lambda$new$1(EventFiringWebDriver.java:105)\n\tat com.sun.proxy.$Proxy22.findElement(Unknown Source)\n\tat org.openqa.selenium.support.events.EventFiringWebDriver.findElement(EventFiringWebDriver.java:194)\n\tat org.openqa.selenium.support.ui.ExpectedConditions$6.apply(ExpectedConditions.java:182)\n\tat org.openqa.selenium.support.ui.ExpectedConditions$6.apply(ExpectedConditions.java:179)\n\tat org.openqa.selenium.support.ui.FluentWait.until(FluentWait.java:249)\n\t... 69 more\n"},"stage":"finished","description":"","steps":[{"name":"Нажать на кнопку Войти","status":"passed","stage":"finished","steps":[{"name":"Перед кликом на элемент c текстом Войтиa","status":"passed","stage":"finished","steps":[],"attachments":[],"parameters":[],"start":1621494383378,"stop":1621494383378}],"attachments":[],"parameters":[],"start":1621494383348,"stop":1621494384034},{"name":"Заполнить поле Логин","status":"passed","stage":"finished","steps":[],"attachments":[],"parameters":[{"name":"login","value":"SchastlivyMax"}],"start":1621494384034,"stop":1621494384082},{"name":"Заполнить поле Пароль","status":"passed","stage":"finished","steps":[],"attachments":[],"parameters":[{"name":"pass","value":"12345678"}],"start":1621494384082,"stop":1621494384124},{"name":"Нажать кнопку Войти","status":"passed","stage":"finished","steps":[{"name":"Перед кликом на элемент c текстом input","status":"passed","stage":"finished","steps":[],"attachments":[],"parameters":[],"start":1621494384151,"stop":1621494384151}],"attachments":[],"parameters":[],"start":1621494384124,"stop":1621494385168}],"attachments":[{"name":"Скриншот после клика","source":"8c0d014c-b416-4681-b59b-fc598385e446-attachment"},{"name":"Скриншот после клика","source":"6ec26d63-d24e-4970-b8b6-dda3ccb7668f-attachment"},{"name":"Скриншот после клика","source":"dc7a23bc-79e5-4b0b-b9ca-9fd872f4096b-attachment"},{"name":"Скриншот после клика","source":"2851133a-0704-4ee1-9ddf-1ba54f953d4b-attachment"},{"name":"Скриншот после клика","source":"b3696e9c-09de-40e1-9664-6719998b15e1-attachment"},{"name":"Скриншот после клика","source":"6daedf36-5dc1-42e8-971a-0eeb30196029-attachment"},{"name":"Скриншот после клика","source":"0448e627-3c6b-4acd-a47e-80382d831445-attachment"},{"name":"Скриншот после клика","source":"08b02b8a-a52b-48d5-856f-aabf2a836e7f-attachment"},{"name":"Скриншот после клика","source":"b64d0004-780d-4712-af0f-2bb668d3cb2e-attachment"},{"name":"Скриншот после клика","source":"59576838-89af-452f-bd1d-4f62ffae6c88-attachment"},{"name":"Скриншот после клика","source":"ddbd5f4f-91ca-4d7e-8b50-c45b5d22288e-attachment"},{"name":"Скриншот после клика","source":"f0998e30-db06-4170-9fc5-38f256178668-attachment"},{"name":"Скриншот после клика","source":"79ca0790-c8e2-4b78-88f8-72261da57276-attachment"},{"name":"Скриншот после клика","source":"7e7a0d1c-da32-4690-b927-ad5010bf4c7e-attachment"},{"name":"Скриншот после клика","source":"bc99dcd5-380b-47f6-ba00-2386f357b999-attachment"},{"name":"Скриншот после клика","source":"ed701f70-74ae-40ee-b333-0312ab027ba5-attachment"},{"name":"Скриншот после клика","source":"cc19882a-38f7-4a32-bb48-321dfd8b6fae-attachment"},{"name":"Скриншот после клика","source":"ace58cc8-f50a-47de-ade1-7f1ee240771f-attachment"},{"name":"Скриншот после клика","source":"992fb637-9d40-4c95-ae7e-865561bd158f-attachment"},{"name":"Скриншот после клика","source":"8b64fe07-ee54-4289-868e-ea90aede78b1-attachment"},{"name":"Скриншот после клика","source":"c41d5503-aa3c-43a5-85a4-04988b0b6cd2-attachment"},{"name":"Скриншот после клика","source":"705ed888-32dc-4b47-84f0-70c2c1bfc0fb-attachment"},{"name":"Скриншот после клика","source":"970df4fe-9074-43c5-969b-2ccdcf332cd0-attachment"},{"name":"Скриншот после клика","source":"4ff3b176-58b4-44b4-b664-05d95e016368-attachment"},{"name":"Скриншот после клика","source":"81aaa530-d62d-4bbc-b173-f14ff64f8610-attachment"},{"name":"Скриншот после клика","source":"a9b90b14-5fb9-45ee-8491-b9ecda0403fe-attachment"},{"name":"Скриншот после клика","source":"991f179f-5bb1-4f60-93c6-832a1118851d-attachment"},{"name":"Скриншот после клика","source":"790c19e7-9bc3-4540-acc1-269442de1306-attachment"},{"name":"Скриншот после клика","source":"3d891a14-5420-4c25-9fbd-9c37c769f907-attachment"},{"name":"Скриншот после клика","source":"5dba1e89-9e56-43ca-bc05-03c1f6f72151-attachment"},{"name":"Скриншот после клика","source":"18b2daef-549e-4dcf-b3d9-ba435158aeb2-attachment"},{"name":"Скриншот после клика","source":"6d99ec1a-19bd-45c2-9560-10dd9b196591-attachment"},{"name":"Скриншот после клика","source":"bca65449-f614-462c-8b9d-d708b9a37423-attachment"},{"name":"Скриншот после клика","source":"c8724753-2eca-4d86-bdc2-6195b826f027-attachment"},{"name":"Скриншот после клика","source":"e4282498-1411-49f1-b254-a88f140e17b0-attachment"},{"name":"Скриншот после клика","source":"c8fcd193-20c0-474c-9c32-06b738eafb4c-attachment"},{"name":"Скриншот после клика","source":"a497e813-ac93-4dd2-b643-c9edaeaf5a53-attachment"},{"name":"Скриншот после клика","source":"5ca35eb2-111e-4735-992f-cdf7772db546-attachment"},{"name":"Скриншот после клика","source":"e025c3f4-27df-481a-ad0f-4792b7932ca2-attachment"},{"name":"Скриншот после клика","source":"ed9539bc-3cdf-43fb-995d-b92dca49a9ff-attachment"},{"name":"Скриншот после клика","source":"7afa9633-c01e-4d20-921b-fdbb6b4c4c8e-attachment"},{"name":"Скриншот после клика","source":"eeb40486-bcc7-4cb1-a4fc-7c07fd694a9c-attachment"},{"name":"Скриншот после клика","source":"72dfccd5-58f5-4465-b675-6c0f08e099e2-attachment"},{"name":"Скриншот после клика","source":"72399bd8-193f-4da9-9418-a885fb4c6259-attachment"},{"name":"Скриншот после клика","source":"9f921eb2-0204-4355-831b-463fa8349978-attachment"},{"name":"Скриншот после клика","source":"e5b01e36-d205-45d6-adec-0f863cc75326-attachment"},{"name":"Скриншот после клика","source":"faf1e152-b5a4-4623-95c1-730be5b90e56-attachment"},{"name":"Скриншот после клика","source":"4fe3e7e6-791b-427f-bd66-b3a751961d6c-attachment"},{"name":"Скриншот после клика","source":"1906b256-a3c3-479e-9389-1bd702a5e26a-attachment"}],"parameters":[],"start":1621494378651,"stop":1621494415668,"uuid":"f961135d-240a-47c8-966e-672ffa8ac745","historyId":"c755aeb403ecd881b31d88b1800d1049","fullName":"Lesson6.TestsMyProject.registrationForTreningTest","labels":[{"name":"host","value":"maksim-HP-Pavilion-Laptop-13-bb0xxx"},{"name":"thread","value":"108361@maksim-HP-Pavilion-Laptop-13-bb0xxx.main(1)"},{"name":"framework","value":"junit-platform"},{"name":"language","value":"java"},{"name":"package","value":"Lesson6.TestsMyProject"},{"name":"testClass","value":"Lesson6.TestsMyProject"},{"name":"testMethod","value":"registrationForTreningTest"},{"name":"suite","value":"Lesson6.TestsMyProject"}],"links":[]}